<?xml version="1.0" encoding="UTF-8"?>
<testsuite name="FizzBuzzProcessorTest" tests="4" skipped="0" failures="0" errors="0" timestamp="2021-02-18T19:55:21" hostname="Rathin-Bhargavas-MacBook-Air.local" time="0.036">
  <properties/>
  <testcase name="FizzBuzzThreeNumbers()" classname="FizzBuzzProcessorTest" time="0.025"/>
  <testcase name="Normal()" classname="FizzBuzzProcessorTest" time="0.002"/>
  <testcase name="FizzBuzzFiveNumbers()" classname="FizzBuzzProcessorTest" time="0.001"/>
  <testcase name="FizzBuzzThreeAndFiveNumbers()" classname="FizzBuzzProcessorTest" time="0.001"/>
  <system-out><![CDATA[]]></system-out>
  <system-err><![CDATA[]]></system-err>
</testsuite>
